Build started 2014-12-28 22:05:40.
     1>Project "C:\Users\Joakim\Desktop\ joakim-oop14 --username OlaussonJoakim@gmail.com\tentamen_version3\tentamen_version3.vcxproj" on node 2 (Rebuild target(s)).
     1>ClCompile:
         C:\Program Files (x86)\Microsoft Visual Studio 12.0\VC\bin\CL.exe /c /ZI /nologo /W3 /WX- /sdl /Od /Oy- /D _MBCS /Gm /EHsc /RTC1 /MDd /GS /fp:precise /Zc:wchar_t /Zc:forScope /Fo"Debug\\" /Fd"Debug\vc120.pdb" /Gd /TP /analyze- /errorReport:prompt "..\..\ joakim-oop14 --username OlaussonJoakim@gmail.com\tentamen_version3\main.cpp"
         main.cpp
     1>c:\users\joakim\desktop\ joakim-oop14 --username olaussonjoakim@gmail.com\tentamen_version3\movieregister.h(14): error C2065: 'Movie' : undeclared identifier
     1>c:\users\joakim\desktop\ joakim-oop14 --username olaussonjoakim@gmail.com\tentamen_version3\movieregister.h(14): error C2923: 'std::vector' : 'Movie' is not a valid template type argument for parameter '_Ty'
     1>c:\users\joakim\desktop\ joakim-oop14 --username olaussonjoakim@gmail.com\tentamen_version3\movieregister.h(16): error C2512: 'std::vector' : no appropriate default constructor available
     1>Done Building Project "C:\Users\Joakim\Desktop\ joakim-oop14 --username OlaussonJoakim@gmail.com\tentamen_version3\tentamen_version3.vcxproj" (Rebuild target(s)) -- FAILED.

Build FAILED.

Time Elapsed 00:00:00.66
