Build started 2014-10-28 11:50:58.
     1>Project "C:\Users\Joakim\Desktop\ joakim-oop14 --username OlaussonJoakim@gmail.com\tentamen_bilregister\tentamen_bilregister.vcxproj" on node 2 (Build target(s)).
     1>ClCompile:
         C:\Program Files (x86)\Microsoft Visual Studio 12.0\VC\bin\CL.exe /c /ZI /nologo /W3 /WX- /sdl /Od /Oy- /D WIN32 /D _DEBUG /D _CONSOLE /D _LIB /D _UNICODE /D UNICODE /Gm /EHsc /RTC1 /MDd /GS /fp:precise /Zc:wchar_t /Zc:forScope /Fo"Debug\\" /Fd"Debug\vc120.pdb" /Gd /TP /analyze- /errorReport:prompt "..\..\ joakim-oop14 --username OlaussonJoakim@gmail.com\tentamen_bilregister\main.cpp"
         main.cpp
     1>c:\users\joakim\desktop\ joakim-oop14 --username olaussonjoakim@gmail.com\tentamen_bilregister\vehicle.h(31): error C2365: 'Vehicle::purchasingPrice' : redefinition; previous definition was 'data member'
                 c:\users\joakim\desktop\ joakim-oop14 --username olaussonjoakim@gmail.com\tentamen_bilregister\vehicle.h(12) : see declaration of 'Vehicle::purchasingPrice'
     1>c:\users\joakim\desktop\ joakim-oop14 --username olaussonjoakim@gmail.com\tentamen_bilregister\vehicle.h(32): error C2365: 'Vehicle::sellingPrice' : redefinition; previous definition was 'data member'
                 c:\users\joakim\desktop\ joakim-oop14 --username olaussonjoakim@gmail.com\tentamen_bilregister\vehicle.h(13) : see declaration of 'Vehicle::sellingPrice'
     1>c:\users\joakim\desktop\ joakim-oop14 --username olaussonjoakim@gmail.com\tentamen_bilregister\vehicle.h(19): warning C4244: '=' : conversion from 'double' to 'int', possible loss of data
     1>Done Building Project "C:\Users\Joakim\Desktop\ joakim-oop14 --username OlaussonJoakim@gmail.com\tentamen_bilregister\tentamen_bilregister.vcxproj" (Build target(s)) -- FAILED.

Build FAILED.

Time Elapsed 00:00:00.28
